# JRE version: OpenJDK Runtime Environment (8.0_152-b06) (build 1.8.0_152-release-1136-b06)
# Java VM: OpenJDK 64-Bit Server VM (25.152-b06 mixed mode windows-amd64 compressed oops)
Heap:
 PSYoungGen      total 213504K, used 117522K [0x00000000e0000000, 0x00000000f0580000, 0x0000000100000000)
  eden space 178688K, 55% used [0x00000000e0000000,0x00000000e6020828,0x00000000eae80000)
  from space 34816K, 54% used [0x00000000eae80000,0x00000000ec124270,0x00000000ed080000)
  to   space 34816K, 0% used [0x00000000ee380000,0x00000000ee380000,0x00000000f0580000)
 ParOldGen       total 142848K, used 78659K [0x00000000a0000000, 0x00000000a8b80000, 0x00000000e0000000)
  object space 142848K, 55% used [0x00000000a0000000,0x00000000a4cd0de0,0x00000000a8b80000)
 Metaspace       used 89764K, capacity 94136K, committed 94296K, reserved 1130496K
  class space    used 11484K, capacity 12381K, committed 12416K, reserved 1048576K
GC Heap History (10 events):
Event: 456.181 GC heap before
{Heap before GC invocations=31 (full 4):
 PSYoungGen      total 180224K, used 165929K [0x00000000e0000000, 0x00000000ec800000, 0x0000000100000000)
  eden space 155648K, 100% used [0x00000000e0000000,0x00000000e9800000,0x00000000e9800000)
  from space 24576K, 41% used [0x00000000eaf00000,0x00000000eb90a510,0x00000000ec700000)
  to   space 23552K, 0% used [0x00000000e9800000,0x00000000e9800000,0x00000000eaf00000)
 ParOldGen       total 142848K, used 62121K [0x00000000a0000000, 0x00000000a8b80000, 0x00000000e0000000)
  object space 142848K, 43% used [0x00000000a0000000,0x00000000a3caa5f8,0x00000000a8b80000)
 Metaspace       used 88101K, capacity 92244K, committed 92376K, reserved 1130496K
  class space    used 11306K, capacity 12191K, committed 12288K, reserved 1048576K
Event: 456.234 GC heap after
Heap after GC invocations=31 (full 4):
 PSYoungGen      total 179200K, used 23524K [0x00000000e0000000, 0x00000000edf80000, 0x0000000100000000)
  eden space 155648K, 0% used [0x00000000e0000000,0x00000000e0000000,0x00000000e9800000)
  from space 23552K, 99% used [0x00000000e9800000,0x00000000eaef93c8,0x00000000eaf00000)
  to   space 30208K, 0% used [0x00000000ec200000,0x00000000ec200000,0x00000000edf80000)
 ParOldGen       total 142848K, used 70035K [0x00000000a0000000, 0x00000000a8b80000, 0x00000000e0000000)
  object space 142848K, 49% used [0x00000000a0000000,0x00000000a4464f28,0x00000000a8b80000)
 Metaspace       used 88101K, capacity 92244K, committed 92376K, reserved 1130496K
  class space    used 11306K, capacity 12191K, committed 12288K, reserved 1048576K
}
Event: 458.432 GC heap before
{Heap before GC invocations=32 (full 4):
 PSYoungGen      total 179200K, used 179172K [0x00000000e0000000, 0x00000000edf80000, 0x0000000100000000)
  eden space 155648K, 100% used [0x00000000e0000000,0x00000000e9800000,0x00000000e9800000)
  from space 23552K, 99% used [0x00000000e9800000,0x00000000eaef93c8,0x00000000eaf00000)
  to   space 30208K, 0% used [0x00000000ec200000,0x00000000ec200000,0x00000000edf80000)
 ParOldGen       total 142848K, used 70035K [0x00000000a0000000, 0x00000000a8b80000, 0x00000000e0000000)
  object space 142848K, 49% used [0x00000000a0000000,0x00000000a4464f28,0x00000000a8b80000)
 Metaspace       used 88360K, capacity 92522K, committed 92632K, reserved 1130496K
  class space    used 11308K, capacity 12194K, committed 12288K, reserved 1048576K
Event: 458.510 GC heap after
Heap after GC invocations=32 (full 4):
 PSYoungGen      total 191488K, used 30206K [0x00000000e0000000, 0x00000000ef180000, 0x0000000100000000)
  eden space 161280K, 0% used [0x00000000e0000000,0x00000000e0000000,0x00000000e9d80000)
  from space 30208K, 99% used [0x00000000ec200000,0x00000000edf7f9e0,0x00000000edf80000)
  to   space 37376K, 0% used [0x00000000e9d80000,0x00000000e9d80000,0x00000000ec200000)
 ParOldGen       total 142848K, used 75867K [0x00000000a0000000, 0x00000000a8b80000, 0x00000000e0000000)
  object space 142848K, 53% used [0x00000000a0000000,0x00000000a4a16f68,0x00000000a8b80000)
 Metaspace       used 88360K, capacity 92522K, committed 92632K, reserved 1130496K
  class space    used 11308K, capacity 12194K, committed 12288K, reserved 1048576K
}
Event: 461.999 GC heap before
{Heap before GC invocations=33 (full 4):
 PSYoungGen      total 191488K, used 190998K [0x00000000e0000000, 0x00000000ef180000, 0x0000000100000000)
  eden space 161280K, 99% used [0x00000000e0000000,0x00000000e9d05ed8,0x00000000e9d80000)
  from space 30208K, 99% used [0x00000000ec200000,0x00000000edf7f9e0,0x00000000edf80000)
  to   space 37376K, 0% used [0x00000000e9d80000,0x00000000e9d80000,0x00000000ec200000)
 ParOldGen       total 142848K, used 75867K [0x00000000a0000000, 0x00000000a8b80000, 0x00000000e0000000)
  object space 142848K, 53% used [0x00000000a0000000,0x00000000a4a16f68,0x00000000a8b80000)
 Metaspace       used 88491K, capacity 92644K, committed 92888K, reserved 1130496K
  class space    used 11321K, capacity 12209K, committed 12288K, reserved 1048576K
Event: 462.029 GC heap after
Heap after GC invocations=33 (full 4):
 PSYoungGen      total 198656K, used 17573K [0x00000000e0000000, 0x00000000ef400000, 0x0000000100000000)
  eden space 161280K, 0% used [0x00000000e0000000,0x00000000e0000000,0x00000000e9d80000)
  from space 37376K, 47% used [0x00000000e9d80000,0x00000000eaea9568,0x00000000ec200000)
  to   space 36352K, 0% used [0x00000000ed080000,0x00000000ed080000,0x00000000ef400000)
 ParOldGen       total 142848K, used 78643K [0x00000000a0000000, 0x00000000a8b80000, 0x00000000e0000000)
  object space 142848K, 55% used [0x00000000a0000000,0x00000000a4cccde0,0x00000000a8b80000)
 Metaspace       used 88491K, capacity 92644K, committed 92888K, reserved 1130496K
  class space    used 11321K, capacity 12209K, committed 12288K, reserved 1048576K
}
Event: 512.595 GC heap before
{Heap before GC invocations=34 (full 4):
 PSYoungGen      total 198656K, used 178853K [0x00000000e0000000, 0x00000000ef400000, 0x0000000100000000)
  eden space 161280K, 100% used [0x00000000e0000000,0x00000000e9d80000,0x00000000e9d80000)
  from space 37376K, 47% used [0x00000000e9d80000,0x00000000eaea9568,0x00000000ec200000)
  to   space 36352K, 0% used [0x00000000ed080000,0x00000000ed080000,0x00000000ef400000)
 ParOldGen       total 142848K, used 78643K [0x00000000a0000000, 0x00000000a8b80000, 0x00000000e0000000)
  object space 142848K, 55% used [0x00000000a0000000,0x00000000a4cccde0,0x00000000a8b80000)
 Metaspace       used 89492K, capacity 93802K, committed 94040K, reserved 1130496K
  class space    used 11472K, capacity 12360K, committed 12416K, reserved 1048576K
Event: 513.927 GC heap after
Heap after GC invocations=34 (full 4):
 PSYoungGen      total 214016K, used 16336K [0x00000000e0000000, 0x00000000ef300000, 0x0000000100000000)
  eden space 178688K, 0% used [0x00000000e0000000,0x00000000e0000000,0x00000000eae80000)
  from space 35328K, 46% used [0x00000000ed080000,0x00000000ee0742f0,0x00000000ef300000)
  to   space 34816K, 0% used [0x00000000eae80000,0x00000000eae80000,0x00000000ed080000)
 ParOldGen       total 142848K, used 78651K [0x00000000a0000000, 0x00000000a8b80000, 0x00000000e0000000)
  object space 142848K, 55% used [0x00000000a0000000,0x00000000a4ccede0,0x00000000a8b80000)
 Metaspace       used 89492K, capacity 93802K, committed 94040K, reserved 1130496K
  class space    used 11472K, capacity 12360K, committed 12416K, reserved 1048576K
}
Event: 553.481 GC heap before
{Heap before GC invocations=35 (full 4):
 PSYoungGen      total 214016K, used 194600K [0x00000000e0000000, 0x00000000ef300000, 0x0000000100000000)
  eden space 178688K, 99% used [0x00000000e0000000,0x00000000eae15e00,0x00000000eae80000)
  from space 35328K, 46% used [0x00000000ed080000,0x00000000ee0742f0,0x00000000ef300000)
  to   space 34816K, 0% used [0x00000000eae80000,0x00000000eae80000,0x00000000ed080000)
 ParOldGen       total 142848K, used 78651K [0x00000000a0000000, 0x00000000a8b80000, 0x00000000e0000000)
  object space 142848K, 55% used [0x00000000a0000000,0x00000000a4ccede0,0x00000000a8b80000)
 Metaspace       used 89752K, capacity 94112K, committed 94296K, reserved 1130496K
  class space    used 11482K, capacity 12377K, committed 12416K, reserved 1048576K
Event: 554.126 GC heap after
Heap after GC invocations=35 (full 4):
 PSYoungGen      total 213504K, used 19088K [0x00000000e0000000, 0x00000000f0580000, 0x0000000100000000)
  eden space 178688K, 0% used [0x00000000e0000000,0x00000000e0000000,0x00000000eae80000)
  from space 34816K, 54% used [0x00000000eae80000,0x00000000ec124270,0x00000000ed080000)
  to   space 34816K, 0% used [0x00000000ee380000,0x00000000ee380000,0x00000000f0580000)
 ParOldGen       total 142848K, used 78659K [0x00000000a0000000, 0x00000000a8b80000, 0x00000000e0000000)
  object space 142848K, 55% used [0x00000000a0000000,0x00000000a4cd0de0,0x00000000a8b80000)
 Metaspace       used 89752K, capacity 94112K, committed 94296K, reserved 1130496K
  class space    used 11482K, capacity 12377K, committed 12416K, reserved 1048576K
}

